<?xml version="1.0" encoding="UTF-8"?>
<coverage generated="1668504474493" clover="3.2.0">
  <project timestamp="1668504474493" name="All files">
    <metrics statements="7" coveredstatements="7" conditionals="0" coveredconditionals="0" methods="5" coveredmethods="5" elements="12" coveredelements="12" complexity="0" loc="7" ncloc="7" packages="2" files="2" classes="2"/>
    <package name="adapters.secondary">
      <metrics statements="4" coveredstatements="4" conditionals="0" coveredconditionals="0" methods="3" coveredmethods="3"/>
      <file name="inMemoryProductGateway.ts" path="/Users/gmevelec/Projects/IIM/IIM-14-11-2022/d01/cleanArchi/src/adapters/secondary/inMemoryProductGateway.ts">
        <metrics statements="4" coveredstatements="4" conditionals="0" coveredconditionals="0" methods="3" coveredmethods="3"/>
        <line num="3" count="1" type="stmt"/>
        <line num="4" count="2" type="stmt"/>
        <line num="7" count="1" type="stmt"/>
        <line num="11" count="2" type="stmt"/>
      </file>
    </package>
    <package name="coreLogic.usecases.products-listing">
      <metrics statements="3" coveredstatements="3" conditionals="0" coveredconditionals="0" methods="2" coveredmethods="2"/>
      <file name="listProducts.ts" path="/Users/gmevelec/Projects/IIM/IIM-14-11-2022/d01/cleanArchi/src/coreLogic/usecases/products-listing/listProducts.ts">
        <metrics statements="3" coveredstatements="3" conditionals="0" coveredconditionals="0" methods="2" coveredmethods="2"/>
        <line num="3" count="2" type="stmt"/>
        <line num="4" count="2" type="stmt"/>
        <line num="5" count="2" type="stmt"/>
      </file>
    </package>
  </project>
</coverage>
