{"/Users/gmevelec/Projects/IIM/IIM-14-11-2022/d01/cleanArchi/src/adapters/secondary/inMemoryProductGateway.ts": {"path":"/Users/gmevelec/Projects/IIM/IIM-14-11-2022/d01/cleanArchi/src/adapters/secondary/inMemoryProductGateway.ts","statementMap":{"0":{"start":{"line":4,"column":10},"end":{"line":4,"column":null}},"1":{"start":{"line":7,"column":4},"end":{"line":7,"column":null}},"2":{"start":{"line":11,"column":4},"end":{"line":11,"column":null}},"3":{"start":{"line":3,"column":0},"end":{"line":3,"column":13}}},"fnMap":{"0":{"name":"(anonymous_7)","decl":{"start":{"line":3,"column":0},"end":{"line":3,"column":13}},"loc":{"start":{"line":3,"column":0},"end":{"line":13,"column":1}}},"1":{"name":"(anonymous_8)","decl":{"start":{"line":6,"column":2},"end":{"line":6,"column":10}},"loc":{"start":{"line":6,"column":31},"end":{"line":8,"column":3}}},"2":{"name":"(anonymous_9)","decl":{"start":{"line":10,"column":8},"end":{"line":10,"column":15}},"loc":{"start":{"line":10,"column":15},"end":{"line":12,"column":null}}}},"branchMap":{},"s":{"0":2,"1":1,"2":2,"3":1},"f":{"0":2,"1":1,"2":2},"b":{}}
,"/Users/gmevelec/Projects/IIM/IIM-14-11-2022/d01/cleanArchi/src/coreLogic/usecases/products-listing/listProducts.ts": {"path":"/Users/gmevelec/Projects/IIM/IIM-14-11-2022/d01/cleanArchi/src/coreLogic/usecases/products-listing/listProducts.ts","statementMap":{"0":{"start":{"line":3,"column":28},"end":{"line":6,"column":null}},"1":{"start":{"line":3,"column":69},"end":{"line":6,"column":null}},"2":{"start":{"line":4,"column":14},"end":{"line":4,"column":44}},"3":{"start":{"line":5,"column":2},"end":{"line":5,"column":null}},"4":{"start":{"line":3,"column":13},"end":{"line":3,"column":28}}},"fnMap":{"0":{"name":"(anonymous_7)","decl":{"start":{"line":3,"column":28},"end":{"line":3,"column":35}},"loc":{"start":{"line":3,"column":69},"end":{"line":6,"column":null}}},"1":{"name":"(anonymous_8)","decl":{"start":{"line":3,"column":69},"end":{"line":3,"column":null}},"loc":{"start":{"line":3,"column":69},"end":{"line":6,"column":1}}}},"branchMap":{},"s":{"0":1,"1":2,"2":2,"3":2,"4":1},"f":{"0":2,"1":2},"b":{}}
}
